0 info it worked if it ends with ok
1 verbose cli [ 'node', '/usr/local/bin/npm', 'install', '-g', 'jshint' ]
2 info using npm@1.4.28
3 info using node@v0.10.32
4 verbose cache add [ 'jshint', null ]
5 verbose cache add name=undefined spec="jshint" args=["jshint",null]
6 verbose parsed url { protocol: null,
6 verbose parsed url   slashes: null,
6 verbose parsed url   auth: null,
6 verbose parsed url   host: null,
6 verbose parsed url   port: null,
6 verbose parsed url   hostname: null,
6 verbose parsed url   hash: null,
6 verbose parsed url   search: null,
6 verbose parsed url   query: null,
6 verbose parsed url   pathname: 'jshint',
6 verbose parsed url   path: 'jshint',
6 verbose parsed url   href: 'jshint' }
7 silly lockFile da5c03cb-jshint jshint
8 verbose lock jshint /Users/dgomez/.npm/da5c03cb-jshint.lock
9 silly lockFile da5c03cb-jshint jshint
10 silly lockFile da5c03cb-jshint jshint
11 verbose addNamed [ 'jshint', '' ]
12 verbose addNamed [ null, '*' ]
13 silly lockFile a02a2468-jshint jshint@
14 verbose lock jshint@ /Users/dgomez/.npm/a02a2468-jshint.lock
15 silly addNameRange { name: 'jshint', range: '*', hasData: false }
16 verbose request where is /jshint
17 verbose request registry https://registry.npmjs.org/
18 verbose request id 16bf991c98878690
19 verbose url raw /jshint
20 verbose url resolving [ 'https://registry.npmjs.org/', './jshint' ]
21 verbose url resolved https://registry.npmjs.org/jshint
22 verbose request where is https://registry.npmjs.org/jshint
23 info trying registry request attempt 1 at 20:48:09
24 verbose etag "DP6SX3AE4B2NHGJTM7AFEM4VR"
25 http GET https://registry.npmjs.org/jshint
26 http 304 https://registry.npmjs.org/jshint
27 silly registry.get cb [ 304,
27 silly registry.get   { date: 'Sat, 25 Oct 2014 19:48:09 GMT',
27 silly registry.get     server: 'Apache',
27 silly registry.get     via: '1.1 varnish',
27 silly registry.get     'last-modified': 'Sat, 25 Oct 2014 19:48:09 GMT',
27 silly registry.get     'cache-control': 'max-age=60',
27 silly registry.get     etag: '"DP6SX3AE4B2NHGJTM7AFEM4VR"',
27 silly registry.get     age: '21',
27 silly registry.get     'x-served-by': 'cache-ams4121-AMS',
27 silly registry.get     'x-cache': 'HIT',
27 silly registry.get     'x-cache-hits': '1',
27 silly registry.get     'x-timer': 'S1414266489.506378,VS0,VE0',
27 silly registry.get     vary: 'Accept',
27 silly registry.get     'content-length': '0',
27 silly registry.get     'keep-alive': 'timeout=10, max=50',
27 silly registry.get     connection: 'Keep-Alive' } ]
28 verbose etag https://registry.npmjs.org/jshint from cache
29 silly addNameRange number 2 { name: 'jshint', range: '*', hasData: true }
30 silly addNameRange versions [ 'jshint',
30 silly addNameRange   [ '0.1.8',
30 silly addNameRange     '0.1.9',
30 silly addNameRange     '0.2.0',
30 silly addNameRange     '0.2.1',
30 silly addNameRange     '0.2.2',
30 silly addNameRange     '0.2.3',
30 silly addNameRange     '0.3.0',
30 silly addNameRange     '0.3.1',
30 silly addNameRange     '0.4.0',
30 silly addNameRange     '0.5.0',
30 silly addNameRange     '0.5.1',
30 silly addNameRange     '0.5.2',
30 silly addNameRange     '0.5.3',
30 silly addNameRange     '0.5.4',
30 silly addNameRange     '0.5.5',
30 silly addNameRange     '0.5.6',
30 silly addNameRange     '0.5.7',
30 silly addNameRange     '0.5.8',
30 silly addNameRange     '0.5.9',
30 silly addNameRange     '0.6.0',
30 silly addNameRange     '0.6.1',
30 silly addNameRange     '0.6.2',
30 silly addNameRange     '0.6.3',
30 silly addNameRange     '0.7.0',
30 silly addNameRange     '0.7.1',
30 silly addNameRange     '0.7.2',
30 silly addNameRange     '0.7.3',
30 silly addNameRange     '0.8.0',
30 silly addNameRange     '0.8.1',
30 silly addNameRange     '0.8.2',
30 silly addNameRange     '0.9.0',
30 silly addNameRange     '0.9.1',
30 silly addNameRange     '1.0.0',
30 silly addNameRange     '1.1.0',
30 silly addNameRange     '2.0.0',
30 silly addNameRange     '2.0.1',
30 silly addNameRange     '2.1.0',
30 silly addNameRange     '2.1.1',
30 silly addNameRange     '2.1.2',
30 silly addNameRange     '2.1.3',
30 silly addNameRange     '2.1.4',
30 silly addNameRange     '2.1.5',
30 silly addNameRange     '2.1.6',
30 silly addNameRange     '2.1.7',
30 silly addNameRange     '2.1.8',
30 silly addNameRange     '2.1.9',
30 silly addNameRange     '2.1.10',
30 silly addNameRange     '2.1.11',
30 silly addNameRange     '2.2.0',
30 silly addNameRange     '2.3.0',
30 silly addNameRange     '2.4.0',
30 silly addNameRange     '2.4.1',
30 silly addNameRange     '2.4.2',
30 silly addNameRange     '2.4.3',
30 silly addNameRange     '2.4.4',
30 silly addNameRange     '2.5.0',
30 silly addNameRange     '2.5.1',
30 silly addNameRange     '2.5.2',
30 silly addNameRange     '2.5.3',
30 silly addNameRange     '2.5.4',
30 silly addNameRange     '2.5.5',
30 silly addNameRange     '2.5.6' ] ]
31 verbose addNamed [ 'jshint', '2.5.6' ]
32 verbose addNamed [ '2.5.6', '2.5.6' ]
33 silly lockFile 4bfe2867-jshint-2-5-6 jshint@2.5.6
34 verbose lock jshint@2.5.6 /Users/dgomez/.npm/4bfe2867-jshint-2-5-6.lock
35 silly lockFile 4bfe2867-jshint-2-5-6 jshint@2.5.6
36 silly lockFile 4bfe2867-jshint-2-5-6 jshint@2.5.6
37 silly lockFile a02a2468-jshint jshint@
38 silly lockFile a02a2468-jshint jshint@
39 silly resolved [ { name: 'jshint',
39 silly resolved     version: '2.5.6',
39 silly resolved     homepage: 'http://jshint.com/',
39 silly resolved     description: 'Static analysis tool for JavaScript',
39 silly resolved     author:
39 silly resolved      { name: 'Anton Kovalyov',
39 silly resolved        email: 'anton@kovalyov.net',
39 silly resolved        url: 'http://anton.kovalyov.net/' },
39 silly resolved     repository: { type: 'git', url: 'https://github.com/jshint/jshint.git' },
39 silly resolved     bugs: { url: 'https://github.com/jshint/jshint/issues' },
39 silly resolved     bin: { jshint: './bin/jshint' },
39 silly resolved     scripts:
39 silly resolved      { data: 'node scripts/generate-identifier-data',
39 silly resolved        build: 'node bin/build',
39 silly resolved        test: 'nodeunit tests tests/regression tests/unit',
39 silly resolved        pretest: 'jshint src' },
39 silly resolved     main: './src/jshint.js',
39 silly resolved     dependencies:
39 silly resolved      { shelljs: '0.3.x',
39 silly resolved        underscore: '1.6.x',
39 silly resolved        cli: '0.6.x',
39 silly resolved        minimatch: '1.0.x',
39 silly resolved        htmlparser2: '3.7.x',
39 silly resolved        'console-browserify': '1.1.x',
39 silly resolved        exit: '0.1.x',
39 silly resolved        'strip-json-comments': '1.0.x' },
39 silly resolved     devDependencies:
39 silly resolved      { jshint: '2.5.x',
39 silly resolved        browserify: '5.x',
39 silly resolved        coveraje: '0.2.x',
39 silly resolved        nodeunit: '0.9.x',
39 silly resolved        sinon: '1.10.x',
39 silly resolved        'unicode-6.3.0': '0.1.x',
39 silly resolved        regenerate: '0.6.x' },
39 silly resolved     licenses: [ [Object] ],
39 silly resolved     preferGlobal: true,
39 silly resolved     files: [ 'bin', 'src', 'data', 'dist' ],
39 silly resolved     gitHead: '17e9355cd27ef53c76c82e9c8514118eabe25ffe',
39 silly resolved     _id: 'jshint@2.5.6',
39 silly resolved     _shasum: '1685ce1f9e1c74832375d83fe89728589bd9d8c7',
39 silly resolved     _from: 'jshint@',
39 silly resolved     _npmVersion: '1.5.0-alpha-1',
39 silly resolved     _npmUser: { name: 'rwaldron', email: 'waldron.rick@gmail.com' },
39 silly resolved     maintainers: [ [Object], [Object] ],
39 silly resolved     dist:
39 silly resolved      { shasum: '1685ce1f9e1c74832375d83fe89728589bd9d8c7',
39 silly resolved        tarball: 'http://registry.npmjs.org/jshint/-/jshint-2.5.6.tgz' },
39 silly resolved     directories: {},
39 silly resolved     _resolved: 'https://registry.npmjs.org/jshint/-/jshint-2.5.6.tgz',
39 silly resolved     readme: 'ERROR: No README data found!' } ]
40 info install jshint@2.5.6 into /usr/local/lib
41 info installOne jshint@2.5.6
42 verbose lib/node_modules/jshint unbuild
43 verbose tar unpack /Users/dgomez/.npm/jshint/2.5.6/package.tgz
44 silly lockFile 59dfcd45-sr-local-lib-node-modules-jshint tar:///usr/local/lib/node_modules/jshint
45 verbose lock tar:///usr/local/lib/node_modules/jshint /Users/dgomez/.npm/59dfcd45-sr-local-lib-node-modules-jshint.lock
46 silly lockFile cf342cde-mez-npm-jshint-2-5-6-package-tgz tar:///Users/dgomez/.npm/jshint/2.5.6/package.tgz
47 verbose lock tar:///Users/dgomez/.npm/jshint/2.5.6/package.tgz /Users/dgomez/.npm/cf342cde-mez-npm-jshint-2-5-6-package-tgz.lock
48 silly gunzTarPerm modes [ '755', '644' ]
49 error Error: EACCES, mkdir '/usr/local/lib/node_modules/jshint'
49 error  { [Error: EACCES, mkdir '/usr/local/lib/node_modules/jshint']
49 error   errno: 3,
49 error   code: 'EACCES',
49 error   path: '/usr/local/lib/node_modules/jshint',
49 error   fstream_type: 'Directory',
49 error   fstream_path: '/usr/local/lib/node_modules/jshint',
49 error   fstream_class: 'DirWriter',
49 error   fstream_stack:
49 error    [ '/usr/local/lib/node_modules/npm/node_modules/fstream/lib/dir-writer.js:36:23',
49 error      '/usr/local/lib/node_modules/npm/node_modules/mkdirp/index.js:46:53',
49 error      'Object.oncomplete (fs.js:107:15)' ] }
50 error Please try running this command again as root/Administrator.
51 error System Darwin 14.0.0
52 error command "node" "/usr/local/bin/npm" "install" "-g" "jshint"
53 error cwd /Users/dgomez/projects/mail-service
54 error node -v v0.10.32
55 error npm -v 1.4.28
56 error path /usr/local/lib/node_modules/jshint
57 error fstream_path /usr/local/lib/node_modules/jshint
58 error fstream_type Directory
59 error fstream_class DirWriter
60 error code EACCES
61 error errno 3
62 error stack Error: EACCES, mkdir '/usr/local/lib/node_modules/jshint'
63 error fstream_stack /usr/local/lib/node_modules/npm/node_modules/fstream/lib/dir-writer.js:36:23
63 error fstream_stack /usr/local/lib/node_modules/npm/node_modules/mkdirp/index.js:46:53
63 error fstream_stack Object.oncomplete (fs.js:107:15)
64 verbose exit [ 3, true ]
